TN:
SF:src/data/protocols/cache/cache-policy.ts
FN:4,(anonymous_0)
FN:6,(anonymous_1)
FNF:2
FNH:1
FNDA:0,(anonymous_0)
FNDA:7,(anonymous_1)
DA:1,3
DA:2,3
DA:7,7
DA:8,7
DA:9,7
LF:5
LH:5
BRF:0
BRH:0
end_of_record
TN:
SF:src/data/protocols/cache/index.ts
FNF:0
FNH:0
DA:1,3
DA:2,3
LF:2
LH:2
BRF:0
BRH:0
end_of_record
TN:
SF:src/data/tests/index.ts
FNF:0
FNH:0
DA:1,3
DA:2,3
LF:2
LH:2
BRF:0
BRH:0
end_of_record
TN:
SF:src/data/tests/mock-cache.ts
FN:6,(anonymous_0)
FN:12,(anonymous_1)
FN:20,(anonymous_2)
FN:25,(anonymous_3)
FN:29,(anonymous_4)
FN:34,(anonymous_5)
FN:38,(anonymous_6)
FN:39,(anonymous_7)
FN:44,(anonymous_8)
FN:45,(anonymous_9)
FN:50,(anonymous_10)
FN:51,(anonymous_11)
FN:58,(anonymous_12)
FN:59,(anonymous_13)
FNF:14
FNH:14
FNDA:7,(anonymous_0)
FNDA:15,(anonymous_1)
FNDA:7,(anonymous_2)
FNDA:5,(anonymous_3)
FNDA:1,(anonymous_4)
FNDA:3,(anonymous_5)
FNDA:1,(anonymous_6)
FNDA:1,(anonymous_7)
FNDA:1,(anonymous_8)
FNDA:1,(anonymous_9)
FNDA:2,(anonymous_10)
FNDA:2,(anonymous_11)
FNDA:3,(anonymous_12)
FNDA:3,(anonymous_13)
DA:4,3
DA:6,3
DA:7,7
DA:8,7
DA:9,7
DA:12,3
DA:13,15
DA:17,15
DA:21,7
DA:22,7
DA:23,7
DA:26,5
DA:27,5
DA:30,1
DA:31,1
DA:32,1
DA:35,3
DA:36,2
DA:39,1
DA:40,1
DA:41,1
DA:45,1
DA:46,1
DA:47,1
DA:51,2
DA:52,2
DA:53,2
DA:58,3
DA:59,3
DA:60,3
DA:61,3
DA:62,3
LF:32
LH:32
BRDA:59,0,0,3
BRDA:59,0,1,3
BRDA:58,1,0,3
BRDA:58,1,1,0
BRF:4
BRH:3
end_of_record
TN:
SF:src/data/tests/mock-purchases.ts
FN:3,(anonymous_1)
FNF:1
FNH:1
FNDA:6,(anonymous_1)
DA:2,3
DA:3,6
LF:2
LH:2
BRF:0
BRH:0
end_of_record
TN:
SF:src/data/usecases/index.ts
FNF:0
FNH:0
DA:1,3
LF:1
LH:1
BRF:0
BRH:0
end_of_record
TN:
SF:src/data/usecases/load-purchases/local-load-purchases.ts
FN:6,(anonymous_7)
FN:11,(anonymous_8)
FN:17,(anonymous_10)
FN:29,(anonymous_12)
FNF:4
FNH:4
FNDA:15,(anonymous_7)
FNDA:3,(anonymous_8)
FNDA:5,(anonymous_10)
FNDA:4,(anonymous_12)
DA:2,3
DA:4,3
DA:5,15
DA:7,15
DA:8,15
DA:12,3
DA:18,5
DA:19,5
DA:20,4
DA:21,4
DA:22,4
DA:26,1
DA:30,4
DA:31,4
DA:32,3
DA:33,2
DA:36,3
LF:17
LH:17
BRDA:22,0,0,2
BRDA:22,0,1,2
BRDA:32,1,0,2
BRF:3
BRH:3
end_of_record
